{"message":"hello world","level":"info"}
{"message":"hello world","level":"info"}
2020-06-11T20:07:04.991Z [right meow!] info: hello world
{"message":"hello world","level":"info"}
{"message":"hello world","level":"info","service":"task-app"}
undefined
{"message":"hello world","level":"info","service":"task-app","timestamp":"2020-06-11T20:31:06.204Z"}
{"message":"/todos/postedBy/5e4ed6a16abd590017b44975","level":"info","dd":{"trace_id":"2365911655676724799","span_id":"3656027543279018034","service":"Task-App","version":"1.0.0","env":"task-app-testing"}}
{"message":"/todos/5ee25433ccd93cdd42d90b12","level":"info","dd":{"trace_id":"819636468561234465","span_id":"5983962599853437417","service":"Task-App","version":"1.0.0","env":"task-app-testing"}}
{"message":"/todos/5ee25433ccd93cdd42d90b12","level":"info","dd":{"trace_id":"4502548442006570767","span_id":"6358001856774524967","service":"Task-App","version":"1.0.0","env":"task-app-testing"}}
{"message":"/todos/postedBy/5e4ed6a16abd590017b44975","level":"info","dd":{"trace_id":"5057090008857056843","span_id":"268732857376575651","service":"Task-App","version":"1.0.0","env":"task-app-testing"}}
{"message":"/todos/postedBy/5e4ed6a16abd590017b44975","level":"info","dd":{"trace_id":"6718497279217155315","span_id":"2228965389488226557","service":"Task-App","version":"1.0.0","env":"task-app-testing"}}
{"message":"/users/5e4ed6a16abd590017b44975","level":"info","dd":{"trace_id":"7182098489350037223","span_id":"205013396805129770","service":"Task-App","version":"1.0.0","env":"task-app-testing"}}
{"message":"/users/5e4ed6a16abd590017b44975","level":"info","dd":{"trace_id":"8228894961177818974","span_id":"3668781037882002768","service":"Task-App","version":"1.0.0","env":"task-app-testing"}}
{"message":"/users/5e4ed6a16abd590017b44975","level":"info","dd":{"trace_id":"1888534094427451211","span_id":"3334811225465055404","service":"Task-App","version":"1.0.0","env":"task-app-testing"}}
{"message":"/todos/postedBy/5e4ed6a16abd590017b44975","level":"info","dd":{"trace_id":"8303565751355356904","span_id":"5639308119695806613","service":"Task-App","version":"1.0.0","env":"task-app-testing"}}
{"message":"/users","level":"info","dd":{"trace_id":"4110424106791111807","span_id":"2899288709817583914","service":"Task-App","version":"1.0.0","env":"task-app-testing"}}
{"message":"/users/234321234321234","level":"info","dd":{"trace_id":"3606115086107798730","span_id":"3535361427660242014","service":"Task-App","version":"1.0.0","env":"task-app-testing"}}
{"message":"/users/5e4ed6a16abd590017b44975","level":"info","dd":{"trace_id":"7806946175252738792","span_id":"8598766563736336351","service":"Task-App","version":"1.0.0","env":"task-app-testing"}}
{"message":"/todos/postedBy/5e4ed6a16abd590017b44975","level":"info","dd":{"trace_id":"8446776847353716027","span_id":"3872770091590481473","service":"Task-App","version":"1.0.0","env":"task-app-testing"}}
{"message":"/users/5e4ed6a16abd590017b44975","level":"info","dd":{"trace_id":"2166326375085910123","span_id":"7671756292840518903","service":"Task-App","version":"1.0.0","env":"task-app-testing"}}
{"message":"/users/5e4ed6a16abd590017b44975","level":"info","dd":{"trace_id":"4985890792494819691","span_id":"2046274377401758858","service":"Task-App","version":"1.0.0","env":"task-app-testing"}}
{"message":"/todos/postedBy/5e4ed6a16abd590017b44975","level":"info","dd":{"trace_id":"5735621005747502813","span_id":"6222282167696912660","service":"Task-App","version":"1.0.0","env":"task-app-testing"}}
{"message":"/users/5e4ed6a16abd590017b44975","level":"info","dd":{"trace_id":"8210752558985262711","span_id":"4429906522749841360","service":"Task-App","version":"1.0.0","env":"task-app-testing"}}
{"message":"/todos/postedBy/5e4ed6a16abd590017b44975","level":"info","dd":{"trace_id":"2245211197109276361","span_id":"297847358797292508","service":"Task-App","version":"1.0.0","env":"task-app-testing"}}
{"message":"/users/5e4ed6a16abd590017b44975","level":"info","dd":{"trace_id":"3032641142783126470","span_id":"6406665494525864022","service":"Task-App","version":"1.0.0","env":"task-app-testing"}}
{"message":"/todos/postedBy/5e4ed6a16abd590017b44975","level":"info","dd":{"trace_id":"5976038498763076215","span_id":"7003247398940073835","service":"Task-App","version":"1.0.0","env":"task-app-testing"}}
{"message":"/users/5e4ed6a16abd590017b44975","level":"info","dd":{"trace_id":"9160784533181226597","span_id":"5773381657205399112","service":"Task-App","version":"1.0.0","env":"task-app-testing"}}
{"message":"/auth/signout","level":"info","dd":{"trace_id":"5900364795794491439","span_id":"7595735057069930372","service":"Task-App","version":"1.0.0","env":"task-app-testing"}}
{"message":"/auth/signin","level":"info","dd":{"trace_id":"8257168773765982995","span_id":"6445431844141835022","service":"Task-App","version":"1.0.0","env":"task-app-testing"}}
{"message":"/todos/postedBy/5e4ed6a16abd590017b44975","level":"info","dd":{"trace_id":"5983225155918879964","span_id":"2172164346710132280","service":"Task-App","version":"1.0.0","env":"task-app-testing"}}
